05-03 23:29:36 com_github_MitjaNemec_PlaceFootprints.action_place_footprints 647:Plugin executed on: 'win32'
05-03 23:29:36 com_github_MitjaNemec_PlaceFootprints.action_place_footprints 648:Plugin executed with python version: '3.9.16 (main, Aug  8 2023, 05:38:28) [MSC v.1936 64 bit (AMD64)]'
05-03 23:29:36 com_github_MitjaNemec_PlaceFootprints.action_place_footprints 649:KiCad build version: 7.0.8
05-03 23:29:36 com_github_MitjaNemec_PlaceFootprints.action_place_footprints 650:Plugin version: 2.1.3
05-03 23:29:36 com_github_MitjaNemec_PlaceFootprints.action_place_footprints 651:Frame repr: <wx._core.Frame object at 0x0000029120F60CA0>
05-03 23:29:36 com_github_MitjaNemec_PlaceFootprints.place_footprints 121:getting a list of all footprints on board
05-03 23:29:36 com_github_MitjaNemec_PlaceFootprints.place_footprints 156:Footprint D20 on root level
05-03 23:29:36 com_github_MitjaNemec_PlaceFootprints.place_footprints 156:Footprint D19 on root level
05-03 23:29:36 com_github_MitjaNemec_PlaceFootprints.place_footprints 156:Footprint D18 on root level
05-03 23:29:36 com_github_MitjaNemec_PlaceFootprints.place_footprints 156:Footprint D17 on root level
05-03 23:29:36 com_github_MitjaNemec_PlaceFootprints.place_footprints 156:Footprint D16 on root level
05-03 23:29:36 com_github_MitjaNemec_PlaceFootprints.place_footprints 156:Footprint D15 on root level
05-03 23:29:36 com_github_MitjaNemec_PlaceFootprints.place_footprints 156:Footprint D14 on root level
05-03 23:29:36 com_github_MitjaNemec_PlaceFootprints.place_footprints 156:Footprint D13 on root level
05-03 23:29:36 com_github_MitjaNemec_PlaceFootprints.place_footprints 156:Footprint D12 on root level
05-03 23:29:36 com_github_MitjaNemec_PlaceFootprints.place_footprints 156:Footprint D11 on root level
05-03 23:29:36 com_github_MitjaNemec_PlaceFootprints.place_footprints 156:Footprint D10 on root level
05-03 23:29:36 com_github_MitjaNemec_PlaceFootprints.place_footprints 156:Footprint D9 on root level
05-03 23:29:36 com_github_MitjaNemec_PlaceFootprints.place_footprints 156:Footprint D8 on root level
05-03 23:29:36 com_github_MitjaNemec_PlaceFootprints.place_footprints 156:Footprint D7 on root level
05-03 23:29:36 com_github_MitjaNemec_PlaceFootprints.place_footprints 156:Footprint D6 on root level
05-03 23:29:36 com_github_MitjaNemec_PlaceFootprints.place_footprints 156:Footprint D5 on root level
05-03 23:29:36 com_github_MitjaNemec_PlaceFootprints.place_footprints 156:Footprint D4 on root level
05-03 23:29:36 com_github_MitjaNemec_PlaceFootprints.place_footprints 156:Footprint D3 on root level
05-03 23:29:36 com_github_MitjaNemec_PlaceFootprints.place_footprints 156:Footprint D2 on root level
05-03 23:29:36 com_github_MitjaNemec_PlaceFootprints.place_footprints 156:Footprint D1 on root level
05-03 23:29:36 com_github_MitjaNemec_PlaceFootprints.place_footprints 156:Footprint U1 on root level
05-03 23:29:37 com_github_MitjaNemec_PlaceFootprints.action_place_footprints 830:Reference designator is: D
05-03 23:29:37 com_github_MitjaNemec_PlaceFootprints.action_place_footprints 831:Reference number is: 1
05-03 23:29:37 com_github_MitjaNemec_PlaceFootprints.action_place_footprints 863:Sorted and filtered list:
['D1', 'D2', 'D3', 'D4', 'D5', 'D6', 'D7', 'D8', 'D9', 'D10', 'D11', 'D12', 'D13', 'D14', 'D15', 'D16', 'D17', 'D18', 'D19', 'D20']
05-03 23:29:37 com_github_MitjaNemec_PlaceFootprints.action_place_footprints 359:wx.Colour(240, 240, 240, 255)
05-03 23:30:13 com_github_MitjaNemec_PlaceFootprints.action_place_footprints 490:'35'
05-03 23:30:13 com_github_MitjaNemec_PlaceFootprints.action_place_footprints 542:Preparing config for reference circular
05-03 23:30:13 com_github_MitjaNemec_PlaceFootprints.action_place_footprints 556:Saving config file
05-03 23:30:13 com_github_MitjaNemec_PlaceFootprints.action_place_footprints 558:Saved the config file
05-03 23:30:13 com_github_MitjaNemec_PlaceFootprints.action_place_footprints 901:Footprints to place:
['D1', 'D2', 'D3', 'D4', 'D5', 'D6', 'D7', 'D8', 'D9', 'D10', 'D11', 'D12', 'D13', 'D14', 'D15', 'D16', 'D17', 'D18', 'D19', 'D20']
05-03 23:30:13 com_github_MitjaNemec_PlaceFootprints.place_footprints 330:Starting placing with circular layout
05-03 23:30:13 com_github_MitjaNemec_PlaceFootprints.place_footprints 340:reference footprint position at: VECTOR2I(182000000, 80000000)
05-03 23:30:13 com_github_MitjaNemec_PlaceFootprints.place_footprints 345:rotation center at: (182000000, 115000000.0)
05-03 23:30:13 com_github_MitjaNemec_PlaceFootprints.place_footprints 450:Text of: D1 has property "Keep upright" rotation might not look as intended
05-03 23:30:13 com_github_MitjaNemec_PlaceFootprints.place_footprints 450:Text of: D1 has property "Keep upright" rotation might not look as intended
05-03 23:30:13 com_github_MitjaNemec_PlaceFootprints.place_footprints 450:Text of: D1 has property "Keep upright" rotation might not look as intended
05-03 23:30:13 com_github_MitjaNemec_PlaceFootprints.place_footprints 450:Text of: D1 has property "Keep upright" rotation might not look as intended
05-03 23:30:13 com_github_MitjaNemec_PlaceFootprints.place_footprints 450:Text of: D1 has property "Keep upright" rotation might not look as intended
05-03 23:30:13 com_github_MitjaNemec_PlaceFootprints.place_footprints 450:Text of: D1 has property "Keep upright" rotation might not look as intended
05-03 23:30:13 com_github_MitjaNemec_PlaceFootprints.place_footprints 450:Text of: D1 has property "Keep upright" rotation might not look as intended
05-03 23:30:13 com_github_MitjaNemec_PlaceFootprints.place_footprints 450:Text of: D1 has property "Keep upright" rotation might not look as intended
05-03 23:30:13 com_github_MitjaNemec_PlaceFootprints.place_footprints 450:Text of: D1 has property "Keep upright" rotation might not look as intended
05-03 23:30:13 com_github_MitjaNemec_PlaceFootprints.place_footprints 450:Text of: D1 has property "Keep upright" rotation might not look as intended
05-03 23:30:13 com_github_MitjaNemec_PlaceFootprints.place_footprints 450:Text of: D1 has property "Keep upright" rotation might not look as intended
05-03 23:30:13 com_github_MitjaNemec_PlaceFootprints.place_footprints 450:Text of: D1 has property "Keep upright" rotation might not look as intended
05-03 23:30:13 com_github_MitjaNemec_PlaceFootprints.place_footprints 450:Text of: D1 has property "Keep upright" rotation might not look as intended
05-03 23:30:13 com_github_MitjaNemec_PlaceFootprints.place_footprints 450:Text of: D1 has property "Keep upright" rotation might not look as intended
05-03 23:30:13 com_github_MitjaNemec_PlaceFootprints.place_footprints 450:Text of: D1 has property "Keep upright" rotation might not look as intended
05-03 23:30:13 com_github_MitjaNemec_PlaceFootprints.place_footprints 450:Text of: D1 has property "Keep upright" rotation might not look as intended
05-03 23:30:13 com_github_MitjaNemec_PlaceFootprints.place_footprints 450:Text of: D1 has property "Keep upright" rotation might not look as intended
05-03 23:30:13 com_github_MitjaNemec_PlaceFootprints.place_footprints 450:Text of: D1 has property "Keep upright" rotation might not look as intended
05-03 23:30:13 com_github_MitjaNemec_PlaceFootprints.place_footprints 450:Text of: D1 has property "Keep upright" rotation might not look as intended
05-03 23:30:13 com_github_MitjaNemec_PlaceFootprints.place_footprints 450:Text of: D1 has property "Keep upright" rotation might not look as intended
05-03 23:30:13 com_github_MitjaNemec_PlaceFootprints.place_footprints 450:Text of: D1 has property "Keep upright" rotation might not look as intended
05-03 23:30:13 com_github_MitjaNemec_PlaceFootprints.place_footprints 450:Text of: D1 has property "Keep upright" rotation might not look as intended
05-03 23:30:13 com_github_MitjaNemec_PlaceFootprints.place_footprints 450:Text of: D1 has property "Keep upright" rotation might not look as intended
05-03 23:30:13 com_github_MitjaNemec_PlaceFootprints.place_footprints 450:Text of: D1 has property "Keep upright" rotation might not look as intended
05-03 23:30:13 com_github_MitjaNemec_PlaceFootprints.place_footprints 450:Text of: D1 has property "Keep upright" rotation might not look as intended
05-03 23:30:13 com_github_MitjaNemec_PlaceFootprints.place_footprints 450:Text of: D1 has property "Keep upright" rotation might not look as intended
05-03 23:30:13 com_github_MitjaNemec_PlaceFootprints.place_footprints 450:Text of: D1 has property "Keep upright" rotation might not look as intended
05-03 23:30:13 com_github_MitjaNemec_PlaceFootprints.place_footprints 450:Text of: D1 has property "Keep upright" rotation might not look as intended
05-03 23:30:13 com_github_MitjaNemec_PlaceFootprints.place_footprints 450:Text of: D1 has property "Keep upright" rotation might not look as intended
05-03 23:30:13 com_github_MitjaNemec_PlaceFootprints.place_footprints 450:Text of: D1 has property "Keep upright" rotation might not look as intended
05-03 23:30:13 com_github_MitjaNemec_PlaceFootprints.place_footprints 450:Text of: D1 has property "Keep upright" rotation might not look as intended
05-03 23:30:13 com_github_MitjaNemec_PlaceFootprints.place_footprints 450:Text of: D1 has property "Keep upright" rotation might not look as intended
05-03 23:30:13 com_github_MitjaNemec_PlaceFootprints.place_footprints 450:Text of: D1 has property "Keep upright" rotation might not look as intended
05-03 23:30:13 com_github_MitjaNemec_PlaceFootprints.place_footprints 450:Text of: D1 has property "Keep upright" rotation might not look as intended
05-03 23:30:13 com_github_MitjaNemec_PlaceFootprints.place_footprints 450:Text of: D1 has property "Keep upright" rotation might not look as intended
05-03 23:30:13 com_github_MitjaNemec_PlaceFootprints.place_footprints 450:Text of: D1 has property "Keep upright" rotation might not look as intended
05-03 23:30:13 com_github_MitjaNemec_PlaceFootprints.place_footprints 450:Text of: D1 has property "Keep upright" rotation might not look as intended
05-03 23:30:13 com_github_MitjaNemec_PlaceFootprints.place_footprints 450:Text of: D1 has property "Keep upright" rotation might not look as intended
05-03 23:30:13 com_github_MitjaNemec_PlaceFootprints.place_footprints 450:Text of: D1 has property "Keep upright" rotation might not look as intended
05-03 23:30:13 com_github_MitjaNemec_PlaceFootprints.place_footprints 450:Text of: D1 has property "Keep upright" rotation might not look as intended
05-03 23:30:13 com_github_MitjaNemec_PlaceFootprints.action_place_footprints 916:Placing complete
